Arguments: 
  /usr/bin/node /usr/share/yarn/bin/yarn.js publish

PATH: 
  /home/joona/go/bin:/usr/local/go/bin:/home/joona/go/bin:/usr/local/go/bin:/usr/local/sbin:/usr/local/bin:/usr/sbin:/usr/bin:/sbin:/bin:/usr/games:/usr/local/games:/snap/bin:/home/joona/Android/Sdk/emulator:/home/joona/Android/Sdk/tools:/home/joona/Android/Sdk/tools/bin:/home/joona/Android/Sdk/platform-tools:/home/joona/Android/Sdk/emulator:/home/joona/Android/Sdk/tools:/home/joona/Android/Sdk/tools/bin:/home/joona/Android/Sdk/platform-tools

Yarn version: 
  1.22.5

Node version: 
  12.19.0

Platform: 
  linux x64

Trace: 
  Error: canceled
      at Interface.<anonymous> (/usr/share/yarn/lib/cli.js:137009:13)
      at Interface.emit (events.js:314:20)
      at Interface._ttyWrite (readline.js:868:16)
      at ReadStream.onkeypress (readline.js:205:10)
      at ReadStream.emit (events.js:314:20)
      at emitKeys (internal/readline/utils.js:335:14)
      at emitKeys.next (<anonymous>)
      at ReadStream.onData (readline.js:1137:36)
      at ReadStream.emit (events.js:314:20)
      at addChunk (_stream_readable.js:298:12)

npm manifest: 
  {
  	"name": "react-insta-stories",
  	"version": "2.1.2",
  	"description": "A React component for Instagram like stories",
  	"main": "dist/index.js",
  	"types": "dist/index.d.ts",
  	"scripts": {
  		"build": "webpack --mode production",
  		"build:dev": "webpack --mode development",
  		"prestart": "webpack --mode development",
  		"start": "webpack --watch --mode development",
  		"example": "cd example && npm start",
  		"test": "echo \"Error: no test specified\" && exit 1",
  		"publish": "npm publish && npm run deploy",
  		"predeploy": "cd example && npm install && npm run build",
  		"deploy": "gh-pages -d example/dist",
  		"buildall": "npm install && webpack --mode production && cd example && npm install && npm run build"
  	},
  	"repository": {
  		"type": "git",
  		"url": "git+https://github.com/mohitk05/react-insta-stories.git"
  	},
  	"keywords": [
  		"stories",
  		"react",
  		"instagram"
  	],
  	"author": "mohitk05",
  	"license": "MIT",
  	"bugs": {
  		"url": "https://github.com/mohitk05/react-insta-stories/issues"
  	},
  	"homepage": "https://github.com/mohitk05/react-insta-stories#readme",
  	"devDependencies": {
  		"@babel/core": "^7.5.5",
  		"@babel/preset-env": "^7.5.5",
  		"@babel/preset-react": "^7.0.0",
  		"@teamsupercell/typings-for-css-modules-loader": "^2.0.0",
  		"@types/react": "^16.9.2",
  		"@types/react-dom": "^16.8.5",
  		"babel-loader": "^8.0.6",
  		"css-loader": "^3.2.0",
  		"gh-pages": "^3.1.0",
  		"react": "^16.10.2",
  		"source-map-loader": "^0.2.4",
  		"style-loader": "^1.0.0",
  		"ts-loader": "^6.0.4",
  		"typescript": "^3.5.3",
  		"webpack": "^4.41.0",
  		"webpack-cli": "^3.3.9",
  		"webpack-dev-server": "^3.8.1"
  	},
  	"peerDependencies": {
  		"react": "^16.8.2"
  	},
  	"dependencies": {}
  }

yarn manifest: 
  No manifest

Lockfile: 
  No lockfile
